<?xml version="1.0" encoding="UTF-8"?>
<!-- Generated by org.testng.reporters.JUnitReportReporter -->
<testsuite hostname="DESKTOP-5BKKI8L" failures="0" tests="2" name="com.allianz.test.LoginUITest" time="0.041" errors="0" timestamp="2024-04-03T02:53:40 PDT" skipped="0">
  <testcase classname="com.allianz.test.LoginUITest" name="titleTest" time="0.006"/>
  <system-out/>
  <testcase classname="com.allianz.test.LoginUITest" name="descriptionDetails" time="0.035"/>
  <system-out/>
</testsuite> <!-- com.allianz.test.LoginUITest -->
