<?xml version="1.0" encoding="UTF-8"?>
<!-- Generated by org.testng.reporters.JUnitReportReporter -->
<testsuite hostname="DESKTOP-5BKKI8L" failures="0" tests="1" name="com.allianz.test.LoginUITest" time="0.034" errors="0" timestamp="2024-04-02T01:26:56 PDT" skipped="0">
  <testcase classname="com.allianz.test.LoginUITest" name="titleTest" time="0.034"/>
  <system-out/>
</testsuite> <!-- com.allianz.test.LoginUITest -->
